# JRE version: OpenJDK Runtime Environment (8.0_152-b01) (build 1.8.0_152-release-1024-b01)
# Java VM: OpenJDK 64-Bit Server VM (25.152-b01 mixed mode linux-amd64 compressed oops)
Heap:
 PSYoungGen      total 281600K, used 14816K [0x00000000e0000000, 0x00000000f2180000, 0x0000000100000000)
  eden space 266752K, 0% used [0x00000000e0000000,0x00000000e0000000,0x00000000f0480000)
  from space 14848K, 99% used [0x00000000f0480000,0x00000000f12f8010,0x00000000f1300000)
  to   space 9728K, 0% used [0x00000000f1800000,0x00000000f1800000,0x00000000f2180000)
 ParOldGen       total 71680K, used 41492K [0x00000000a0000000, 0x00000000a4600000, 0x00000000e0000000)
  object space 71680K, 57% used [0x00000000a0000000,0x00000000a28851a8,0x00000000a4600000)
 Metaspace       used 62814K, capacity 64762K, committed 64768K, reserved 1105920K
  class space    used 8464K, capacity 8954K, committed 8960K, reserved 1048576K
GC Heap History (10 events):
Event: 27.765 GC heap after
Heap after GC invocations=13 (full 2):
 PSYoungGen      total 145920K, used 3243K [0x00000000e0000000, 0x00000000ed700000, 0x0000000100000000)
  eden space 133632K, 0% used [0x00000000e0000000,0x00000000e0000000,0x00000000e8280000)
  from space 12288K, 26% used [0x00000000e8280000,0x00000000e85aaeb0,0x00000000e8e80000)
  to   space 11776K, 0% used [0x00000000ecb80000,0x00000000ecb80000,0x00000000ed700000)
 ParOldGen       total 45056K, used 16094K [0x00000000a0000000, 0x00000000a2c00000, 0x00000000e0000000)
  object space 45056K, 35% used [0x00000000a0000000,0x00000000a0fb78b0,0x00000000a2c00000)
 Metaspace       used 38931K, capacity 39740K, committed 40064K, reserved 1083392K
  class space    used 5203K, capacity 5467K, committed 5504K, reserved 1048576K
}
Event: 36.120 GC heap before
{Heap before GC invocations=14 (full 2):
 PSYoungGen      total 145920K, used 136875K [0x00000000e0000000, 0x00000000ed700000, 0x0000000100000000)
  eden space 133632K, 100% used [0x00000000e0000000,0x00000000e8280000,0x00000000e8280000)
  from space 12288K, 26% used [0x00000000e8280000,0x00000000e85aaeb0,0x00000000e8e80000)
  to   space 11776K, 0% used [0x00000000ecb80000,0x00000000ecb80000,0x00000000ed700000)
 ParOldGen       total 45056K, used 16094K [0x00000000a0000000, 0x00000000a2c00000, 0x00000000e0000000)
  object space 45056K, 35% used [0x00000000a0000000,0x00000000a0fb78b0,0x00000000a2c00000)
 Metaspace       used 39005K, capacity 39804K, committed 40064K, reserved 1083392K
  class space    used 5203K, capacity 5467K, committed 5504K, reserved 1048576K
Event: 36.138 GC heap after
Heap after GC invocations=14 (full 2):
 PSYoungGen      total 200192K, used 4128K [0x00000000e0000000, 0x00000000ed300000, 0x0000000100000000)
  eden space 192512K, 0% used [0x00000000e0000000,0x00000000e0000000,0x00000000ebc00000)
  from space 7680K, 53% used [0x00000000ecb80000,0x00000000ecf88010,0x00000000ed300000)
  to   space 11776K, 0% used [0x00000000ebc00000,0x00000000ebc00000,0x00000000ec780000)
 ParOldGen       total 45056K, used 17972K [0x00000000a0000000, 0x00000000a2c00000, 0x00000000e0000000)
  object space 45056K, 39% used [0x00000000a0000000,0x00000000a118d3b0,0x00000000a2c00000)
 Metaspace       used 39005K, capacity 39804K, committed 40064K, reserved 1083392K
  class space    used 5203K, capacity 5467K, committed 5504K, reserved 1048576K
}
Event: 42.131 GC heap before
{Heap before GC invocations=15 (full 2):
 PSYoungGen      total 200192K, used 196640K [0x00000000e0000000, 0x00000000ed300000, 0x0000000100000000)
  eden space 192512K, 100% used [0x00000000e0000000,0x00000000ebc00000,0x00000000ebc00000)
  from space 7680K, 53% used [0x00000000ecb80000,0x00000000ecf88010,0x00000000ed300000)
  to   space 11776K, 0% used [0x00000000ebc00000,0x00000000ebc00000,0x00000000ec780000)
 ParOldGen       total 45056K, used 17972K [0x00000000a0000000, 0x00000000a2c00000, 0x00000000e0000000)
  object space 45056K, 39% used [0x00000000a0000000,0x00000000a118d3b0,0x00000000a2c00000)
 Metaspace       used 48948K, capacity 50044K, committed 50432K, reserved 1093632K
  class space    used 6488K, capacity 6802K, committed 6912K, reserved 1048576K
Event: 42.180 GC heap after
Heap after GC invocations=15 (full 2):
 PSYoungGen      total 204288K, used 11766K [0x00000000e0000000, 0x00000000f2680000, 0x0000000100000000)
  eden space 192512K, 0% used [0x00000000e0000000,0x00000000e0000000,0x00000000ebc00000)
  from space 11776K, 99% used [0x00000000ebc00000,0x00000000ec77d970,0x00000000ec780000)
  to   space 14848K, 0% used [0x00000000f1800000,0x00000000f1800000,0x00000000f2680000)
 ParOldGen       total 45056K, used 21749K [0x00000000a0000000, 0x00000000a2c00000, 0x00000000e0000000)
  object space 45056K, 48% used [0x00000000a0000000,0x00000000a153d4a0,0x00000000a2c00000)
 Metaspace       used 48948K, capacity 50044K, committed 50432K, reserved 1093632K
  class space    used 6488K, capacity 6802K, committed 6912K, reserved 1048576K
}
Event: 47.091 GC heap before
{Heap before GC invocations=16 (full 2):
 PSYoungGen      total 204288K, used 101775K [0x00000000e0000000, 0x00000000f2680000, 0x0000000100000000)
  eden space 192512K, 46% used [0x00000000e0000000,0x00000000e57e6478,0x00000000ebc00000)
  from space 11776K, 99% used [0x00000000ebc00000,0x00000000ec77d970,0x00000000ec780000)
  to   space 14848K, 0% used [0x00000000f1800000,0x00000000f1800000,0x00000000f2680000)
 ParOldGen       total 45056K, used 21749K [0x00000000a0000000, 0x00000000a2c00000, 0x00000000e0000000)
  object space 45056K, 48% used [0x00000000a0000000,0x00000000a153d4a0,0x00000000a2c00000)
 Metaspace       used 57290K, capacity 58944K, committed 59028K, reserved 1099776K
  class space    used 7677K, capacity 8111K, committed 8192K, reserved 1048576K
Event: 47.153 GC heap after
Heap after GC invocations=16 (full 2):
 PSYoungGen      total 276480K, used 9204K [0x00000000e0000000, 0x00000000f2180000, 0x0000000100000000)
  eden space 266752K, 0% used [0x00000000e0000000,0x00000000e0000000,0x00000000f0480000)
  from space 9728K, 94% used [0x00000000f1800000,0x00000000f20fd208,0x00000000f2180000)
  to   space 14848K, 0% used [0x00000000f0480000,0x00000000f0480000,0x00000000f1300000)
 ParOldGen       total 45056K, used 30461K [0x00000000a0000000, 0x00000000a2c00000, 0x00000000e0000000)
  object space 45056K, 67% used [0x00000000a0000000,0x00000000a1dbf658,0x00000000a2c00000)
 Metaspace       used 57290K, capacity 58944K, committed 59028K, reserved 1099776K
  class space    used 7677K, capacity 8111K, committed 8192K, reserved 1048576K
}
Event: 47.153 GC heap before
{Heap before GC invocations=17 (full 3):
 PSYoungGen      total 276480K, used 9204K [0x00000000e0000000, 0x00000000f2180000, 0x0000000100000000)
  eden space 266752K, 0% used [0x00000000e0000000,0x00000000e0000000,0x00000000f0480000)
  from space 9728K, 94% used [0x00000000f1800000,0x00000000f20fd208,0x00000000f2180000)
  to   space 14848K, 0% used [0x00000000f0480000,0x00000000f0480000,0x00000000f1300000)
 ParOldGen       total 45056K, used 30461K [0x00000000a0000000, 0x00000000a2c00000, 0x00000000e0000000)
  object space 45056K, 67% used [0x00000000a0000000,0x00000000a1dbf658,0x00000000a2c00000)
 Metaspace       used 57290K, capacity 58944K, committed 59028K, reserved 1099776K
  class space    used 7677K, capacity 8111K, committed 8192K, reserved 1048576K
Event: 47.543 GC heap after
Heap after GC invocations=17 (full 3):
 PSYoungGen      total 276480K, used 0K [0x00000000e0000000, 0x00000000f2180000, 0x0000000100000000)
  eden space 266752K, 0% used [0x00000000e0000000,0x00000000e0000000,0x00000000f0480000)
  from space 9728K, 0% used [0x00000000f1800000,0x00000000f1800000,0x00000000f2180000)
  to   space 14848K, 0% used [0x00000000f0480000,0x00000000f0480000,0x00000000f1300000)
 ParOldGen       total 71680K, used 34592K [0x00000000a0000000, 0x00000000a4600000, 0x00000000e0000000)
  object space 71680K, 48% used [0x00000000a0000000,0x00000000a21c8050,0x00000000a4600000)
 Metaspace       used 57252K, capacity 58838K, committed 59028K, reserved 1099776K
  class space    used 7665K, capacity 8097K, committed 8192K, reserved 1048576K
}
Event: 66.375 GC heap before
{Heap before GC invocations=18 (full 3):
 PSYoungGen      total 276480K, used 266752K [0x00000000e0000000, 0x00000000f2180000, 0x0000000100000000)
  eden space 266752K, 100% used [0x00000000e0000000,0x00000000f0480000,0x00000000f0480000)
  from space 9728K, 0% used [0x00000000f1800000,0x00000000f1800000,0x00000000f2180000)
  to   space 14848K, 0% used [0x00000000f0480000,0x00000000f0480000,0x00000000f1300000)
 ParOldGen       total 71680K, used 34592K [0x00000000a0000000, 0x00000000a4600000, 0x00000000e0000000)
  object space 71680K, 48% used [0x00000000a0000000,0x00000000a21c8050,0x00000000a4600000)
 Metaspace       used 62814K, capacity 64762K, committed 64768K, reserved 1105920K
  class space    used 8464K, capacity 8954K, committed 8960K, reserved 1048576K

